# JRE version: OpenJDK Runtime Environment Temurin-21.0.7+6 (21.0.7+6) (build 21.0.7+6-LTS)
# Java VM: OpenJDK 64-Bit Server VM Temurin-21.0.7+6 (21.0.7+6-LTS, mixed mode, sharing, tiered, compressed oops, compressed class ptrs, parallel gc, windows-amd64)
GC Precious Log:
 CardTable entry size: 512
 CPUs: 12 total, 12 available
 Memory: 5702M
 Large Page Support: Disabled
 NUMA Support: Disabled
 Compressed Oops: Enabled (32-bit)
 Alignments: Space 512K, Generation 512K, Heap 2M
 Heap Min Capacity: 100M
 Heap Initial Capacity: 100M
 Heap Max Capacity: 1G
 Pre-touch: Disabled
 Parallel Workers: 10
Heap:
 PSYoungGen      total 23552K, used 10303K [0x00000000eab00000, 0x00000000ec480000, 0x0000000100000000)
  eden space 22016K, 40% used [0x00000000eab00000,0x00000000eb3cc960,0x00000000ec080000)
  from space 1536K, 84% used [0x00000000ec080000,0x00000000ec1c3550,0x00000000ec200000)
  to   space 2048K, 0% used [0x00000000ec280000,0x00000000ec280000,0x00000000ec480000)
 ParOldGen       total 68608K, used 23031K [0x00000000c0000000, 0x00000000c4300000, 0x00000000eab00000)
  object space 68608K, 33% used [0x00000000c0000000,0x00000000c167df28,0x00000000c4300000)
 Metaspace       used 49454K, committed 50560K, reserved 1114112K
  class space    used 5284K, committed 5760K, reserved 1048576K
GC Heap History (20 events):
Event: 69.179 GC heap before
{Heap before GC invocations=12 (full 1):
 PSYoungGen      total 25600K, used 25490K [0x00000000eab00000, 0x00000000ec880000, 0x0000000100000000)
  eden space 23040K, 100% used [0x00000000eab00000,0x00000000ec180000,0x00000000ec180000)
  from space 2560K, 95% used [0x00000000ec600000,0x00000000ec864908,0x00000000ec880000)
  to   space 3072K, 0% used [0x00000000ec280000,0x00000000ec280000,0x00000000ec580000)
 ParOldGen       total 68608K, used 13499K [0x00000000c0000000, 0x00000000c4300000, 0x00000000eab00000)
  object space 68608K, 19% used [0x00000000c0000000,0x00000000c0d2ee90,0x00000000c4300000)
 Metaspace       used 28372K, committed 29248K, reserved 1114112K
  class space    used 2767K, committed 3136K, reserved 1048576K
}
Event: 69.183 GC heap after
{Heap after GC invocations=12 (full 1):
 PSYoungGen      total 25088K, used 2216K [0x00000000eab00000, 0x00000000ec680000, 0x0000000100000000)
  eden space 22528K, 0% used [0x00000000eab00000,0x00000000eab00000,0x00000000ec100000)
  from space 2560K, 86% used [0x00000000ec280000,0x00000000ec4aa2b0,0x00000000ec500000)
  to   space 1536K, 0% used [0x00000000ec500000,0x00000000ec500000,0x00000000ec680000)
 ParOldGen       total 68608K, used 13967K [0x00000000c0000000, 0x00000000c4300000, 0x00000000eab00000)
  object space 68608K, 20% used [0x00000000c0000000,0x00000000c0da3fa0,0x00000000c4300000)
 Metaspace       used 28372K, committed 29248K, reserved 1114112K
  class space    used 2767K, committed 3136K, reserved 1048576K
}
Event: 69.755 GC heap before
{Heap before GC invocations=13 (full 1):
 PSYoungGen      total 25088K, used 24744K [0x00000000eab00000, 0x00000000ec680000, 0x0000000100000000)
  eden space 22528K, 100% used [0x00000000eab00000,0x00000000ec100000,0x00000000ec100000)
  from space 2560K, 86% used [0x00000000ec280000,0x00000000ec4aa2b0,0x00000000ec500000)
  to   space 1536K, 0% used [0x00000000ec500000,0x00000000ec500000,0x00000000ec680000)
 ParOldGen       total 68608K, used 13967K [0x00000000c0000000, 0x00000000c4300000, 0x00000000eab00000)
  object space 68608K, 20% used [0x00000000c0000000,0x00000000c0da3fa0,0x00000000c4300000)
 Metaspace       used 29778K, committed 30720K, reserved 1114112K
  class space    used 2921K, committed 3328K, reserved 1048576K
}
Event: 69.759 GC heap after
{Heap after GC invocations=13 (full 1):
 PSYoungGen      total 23040K, used 1008K [0x00000000eab00000, 0x00000000ec600000, 0x0000000100000000)
  eden space 22016K, 0% used [0x00000000eab00000,0x00000000eab00000,0x00000000ec080000)
  from space 1024K, 98% used [0x00000000ec500000,0x00000000ec5fc360,0x00000000ec600000)
  to   space 1536K, 0% used [0x00000000ec300000,0x00000000ec300000,0x00000000ec480000)
 ParOldGen       total 68608K, used 15952K [0x00000000c0000000, 0x00000000c4300000, 0x00000000eab00000)
  object space 68608K, 23% used [0x00000000c0000000,0x00000000c0f941e0,0x00000000c4300000)
 Metaspace       used 29778K, committed 30720K, reserved 1114112K
  class space    used 2921K, committed 3328K, reserved 1048576K
}
Event: 70.531 GC heap before
{Heap before GC invocations=14 (full 1):
 PSYoungGen      total 23040K, used 23024K [0x00000000eab00000, 0x00000000ec600000, 0x0000000100000000)
  eden space 22016K, 100% used [0x00000000eab00000,0x00000000ec080000,0x00000000ec080000)
  from space 1024K, 98% used [0x00000000ec500000,0x00000000ec5fc360,0x00000000ec600000)
  to   space 1536K, 0% used [0x00000000ec300000,0x00000000ec300000,0x00000000ec480000)
 ParOldGen       total 68608K, used 15952K [0x00000000c0000000, 0x00000000c4300000, 0x00000000eab00000)
  object space 68608K, 23% used [0x00000000c0000000,0x00000000c0f941e0,0x00000000c4300000)
 Metaspace       used 31910K, committed 32768K, reserved 1114112K
  class space    used 3159K, committed 3520K, reserved 1048576K
}
Event: 70.534 GC heap after
{Heap after GC invocations=14 (full 1):
 PSYoungGen      total 23040K, used 911K [0x00000000eab00000, 0x00000000ec580000, 0x0000000100000000)
  eden space 22016K, 0% used [0x00000000eab00000,0x00000000eab00000,0x00000000ec080000)
  from space 1024K, 89% used [0x00000000ec300000,0x00000000ec3e3dc0,0x00000000ec400000)
  to   space 1536K, 0% used [0x00000000ec400000,0x00000000ec400000,0x00000000ec580000)
 ParOldGen       total 68608K, used 16797K [0x00000000c0000000, 0x00000000c4300000, 0x00000000eab00000)
  object space 68608K, 24% used [0x00000000c0000000,0x00000000c1067470,0x00000000c4300000)
 Metaspace       used 31910K, committed 32768K, reserved 1114112K
  class space    used 3159K, committed 3520K, reserved 1048576K
}
Event: 71.531 GC heap before
{Heap before GC invocations=15 (full 1):
 PSYoungGen      total 23040K, used 21341K [0x00000000eab00000, 0x00000000ec580000, 0x0000000100000000)
  eden space 22016K, 92% used [0x00000000eab00000,0x00000000ebef36e0,0x00000000ec080000)
  from space 1024K, 89% used [0x00000000ec300000,0x00000000ec3e3dc0,0x00000000ec400000)
  to   space 1536K, 0% used [0x00000000ec400000,0x00000000ec400000,0x00000000ec580000)
 ParOldGen       total 68608K, used 16797K [0x00000000c0000000, 0x00000000c4300000, 0x00000000eab00000)
  object space 68608K, 24% used [0x00000000c0000000,0x00000000c1067470,0x00000000c4300000)
 Metaspace       used 34917K, committed 35840K, reserved 1114112K
  class space    used 3524K, committed 3904K, reserved 1048576K
}
Event: 71.693 GC heap after
{Heap after GC invocations=15 (full 1):
 PSYoungGen      total 23552K, used 1088K [0x00000000eab00000, 0x00000000ec580000, 0x0000000100000000)
  eden space 22016K, 0% used [0x00000000eab00000,0x00000000eab00000,0x00000000ec080000)
  from space 1536K, 70% used [0x00000000ec400000,0x00000000ec510000,0x00000000ec580000)
  to   space 1536K, 0% used [0x00000000ec280000,0x00000000ec280000,0x00000000ec400000)
 ParOldGen       total 68608K, used 17471K [0x00000000c0000000, 0x00000000c4300000, 0x00000000eab00000)
  object space 68608K, 25% used [0x00000000c0000000,0x00000000c110ffe0,0x00000000c4300000)
 Metaspace       used 34917K, committed 35840K, reserved 1114112K
  class space    used 3524K, committed 3904K, reserved 1048576K
}
Event: 71.693 GC heap before
{Heap before GC invocations=16 (full 2):
 PSYoungGen      total 23552K, used 1088K [0x00000000eab00000, 0x00000000ec580000, 0x0000000100000000)
  eden space 22016K, 0% used [0x00000000eab00000,0x00000000eab00000,0x00000000ec080000)
  from space 1536K, 70% used [0x00000000ec400000,0x00000000ec510000,0x00000000ec580000)
  to   space 1536K, 0% used [0x00000000ec280000,0x00000000ec280000,0x00000000ec400000)
 ParOldGen       total 68608K, used 17471K [0x00000000c0000000, 0x00000000c4300000, 0x00000000eab00000)
  object space 68608K, 25% used [0x00000000c0000000,0x00000000c110ffe0,0x00000000c4300000)
 Metaspace       used 34917K, committed 35840K, reserved 1114112K
  class space    used 3524K, committed 3904K, reserved 1048576K
}
Event: 72.027 GC heap after
{Heap after GC invocations=16 (full 2):
 PSYoungGen      total 23552K, used 0K [0x00000000eab00000, 0x00000000ec580000, 0x0000000100000000)
  eden space 22016K, 0% used [0x00000000eab00000,0x00000000eab00000,0x00000000ec080000)
  from space 1536K, 0% used [0x00000000ec400000,0x00000000ec400000,0x00000000ec580000)
  to   space 1536K, 0% used [0x00000000ec280000,0x00000000ec280000,0x00000000ec400000)
 ParOldGen       total 68608K, used 17146K [0x00000000c0000000, 0x00000000c4300000, 0x00000000eab00000)
  object space 68608K, 24% used [0x00000000c0000000,0x00000000c10be830,0x00000000c4300000)
 Metaspace       used 34908K, committed 35840K, reserved 1114112K
  class space    used 3522K, committed 3904K, reserved 1048576K
}
Event: 74.030 GC heap before
{Heap before GC invocations=17 (full 2):
 PSYoungGen      total 23552K, used 22016K [0x00000000eab00000, 0x00000000ec580000, 0x0000000100000000)
  eden space 22016K, 100% used [0x00000000eab00000,0x00000000ec080000,0x00000000ec080000)
  from space 1536K, 0% used [0x00000000ec400000,0x00000000ec400000,0x00000000ec580000)
  to   space 1536K, 0% used [0x00000000ec280000,0x00000000ec280000,0x00000000ec400000)
 ParOldGen       total 68608K, used 17146K [0x00000000c0000000, 0x00000000c4300000, 0x00000000eab00000)
  object space 68608K, 24% used [0x00000000c0000000,0x00000000c10be830,0x00000000c4300000)
 Metaspace       used 37493K, committed 38464K, reserved 1114112K
  class space    used 3871K, committed 4288K, reserved 1048576K
}
Event: 74.041 GC heap after
{Heap after GC invocations=17 (full 2):
 PSYoungGen      total 23552K, used 1536K [0x00000000eab00000, 0x00000000ec480000, 0x0000000100000000)
  eden space 22016K, 0% used [0x00000000eab00000,0x00000000eab00000,0x00000000ec080000)
  from space 1536K, 100% used [0x00000000ec280000,0x00000000ec400000,0x00000000ec400000)
  to   space 512K, 0% used [0x00000000ec400000,0x00000000ec400000,0x00000000ec480000)
 ParOldGen       total 68608K, used 17178K [0x00000000c0000000, 0x00000000c4300000, 0x00000000eab00000)
  object space 68608K, 25% used [0x00000000c0000000,0x00000000c10c6830,0x00000000c4300000)
 Metaspace       used 37493K, committed 38464K, reserved 1114112K
  class space    used 3871K, committed 4288K, reserved 1048576K
}
Event: 78.262 GC heap before
{Heap before GC invocations=18 (full 2):
 PSYoungGen      total 23552K, used 23552K [0x00000000eab00000, 0x00000000ec480000, 0x0000000100000000)
  eden space 22016K, 100% used [0x00000000eab00000,0x00000000ec080000,0x00000000ec080000)
  from space 1536K, 100% used [0x00000000ec280000,0x00000000ec400000,0x00000000ec400000)
  to   space 512K, 0% used [0x00000000ec400000,0x00000000ec400000,0x00000000ec480000)
 ParOldGen       total 68608K, used 17178K [0x00000000c0000000, 0x00000000c4300000, 0x00000000eab00000)
  object space 68608K, 25% used [0x00000000c0000000,0x00000000c10c6830,0x00000000c4300000)
 Metaspace       used 40332K, committed 41344K, reserved 1114112K
  class space    used 4204K, committed 4672K, reserved 1048576K
}
Event: 78.278 GC heap after
{Heap after GC invocations=18 (full 2):
 PSYoungGen      total 22528K, used 499K [0x00000000eab00000, 0x00000000ec780000, 0x0000000100000000)
  eden space 22016K, 0% used [0x00000000eab00000,0x00000000eab00000,0x00000000ec080000)
  from space 512K, 97% used [0x00000000ec400000,0x00000000ec47ce00,0x00000000ec480000)
  to   space 3584K, 0% used [0x00000000ec080000,0x00000000ec080000,0x00000000ec400000)
 ParOldGen       total 68608K, used 19757K [0x00000000c0000000, 0x00000000c4300000, 0x00000000eab00000)
  object space 68608K, 28% used [0x00000000c0000000,0x00000000c134b568,0x00000000c4300000)
 Metaspace       used 40332K, committed 41344K, reserved 1114112K
  class space    used 4204K, committed 4672K, reserved 1048576K
}
Event: 79.635 GC heap before
{Heap before GC invocations=19 (full 2):
 PSYoungGen      total 22528K, used 22515K [0x00000000eab00000, 0x00000000ec780000, 0x0000000100000000)
  eden space 22016K, 100% used [0x00000000eab00000,0x00000000ec080000,0x00000000ec080000)
  from space 512K, 97% used [0x00000000ec400000,0x00000000ec47ce00,0x00000000ec480000)
  to   space 3584K, 0% used [0x00000000ec080000,0x00000000ec080000,0x00000000ec400000)
 ParOldGen       total 68608K, used 19757K [0x00000000c0000000, 0x00000000c4300000, 0x00000000eab00000)
  object space 68608K, 28% used [0x00000000c0000000,0x00000000c134b568,0x00000000c4300000)
 Metaspace       used 43561K, committed 44544K, reserved 1114112K
  class space    used 4579K, committed 4992K, reserved 1048576K
}
Event: 79.638 GC heap after
{Heap after GC invocations=19 (full 2):
 PSYoungGen      total 23552K, used 1056K [0x00000000eab00000, 0x00000000ec480000, 0x0000000100000000)
  eden space 22016K, 0% used [0x00000000eab00000,0x00000000eab00000,0x00000000ec080000)
  from space 1536K, 68% used [0x00000000ec080000,0x00000000ec188000,0x00000000ec200000)
  to   space 2048K, 0% used [0x00000000ec280000,0x00000000ec280000,0x00000000ec480000)
 ParOldGen       total 68608K, used 20248K [0x00000000c0000000, 0x00000000c4300000, 0x00000000eab00000)
  object space 68608K, 29% used [0x00000000c0000000,0x00000000c13c6368,0x00000000c4300000)
 Metaspace       used 43561K, committed 44544K, reserved 1114112K
  class space    used 4579K, committed 4992K, reserved 1048576K
}
Event: 82.401 GC heap before
{Heap before GC invocations=20 (full 2):
 PSYoungGen      total 23552K, used 23064K [0x00000000eab00000, 0x00000000ec480000, 0x0000000100000000)
  eden space 22016K, 99% used [0x00000000eab00000,0x00000000ec07e350,0x00000000ec080000)
  from space 1536K, 68% used [0x00000000ec080000,0x00000000ec188000,0x00000000ec200000)
  to   space 2048K, 0% used [0x00000000ec280000,0x00000000ec280000,0x00000000ec480000)
 ParOldGen       total 68608K, used 20248K [0x00000000c0000000, 0x00000000c4300000, 0x00000000eab00000)
  object space 68608K, 29% used [0x00000000c0000000,0x00000000c13c6368,0x00000000c4300000)
 Metaspace       used 46262K, committed 47296K, reserved 1114112K
  class space    used 4883K, committed 5312K, reserved 1048576K
}
Event: 84.436 GC heap after
{Heap after GC invocations=20 (full 2):
 PSYoungGen      total 24064K, used 2048K [0x00000000eab00000, 0x00000000ec480000, 0x0000000100000000)
  eden space 22016K, 0% used [0x00000000eab00000,0x00000000eab00000,0x00000000ec080000)
  from space 2048K, 100% used [0x00000000ec280000,0x00000000ec480000,0x00000000ec480000)
  to   space 1536K, 0% used [0x00000000ec080000,0x00000000ec080000,0x00000000ec200000)
 ParOldGen       total 68608K, used 21095K [0x00000000c0000000, 0x00000000c4300000, 0x00000000eab00000)
  object space 68608K, 30% used [0x00000000c0000000,0x00000000c1499f08,0x00000000c4300000)
 Metaspace       used 46262K, committed 47296K, reserved 1114112K
  class space    used 4883K, committed 5312K, reserved 1048576K
}
Event: 93.014 GC heap before
{Heap before GC invocations=21 (full 2):
 PSYoungGen      total 24064K, used 24064K [0x00000000eab00000, 0x00000000ec480000, 0x0000000100000000)
  eden space 22016K, 100% used [0x00000000eab00000,0x00000000ec080000,0x00000000ec080000)
  from space 2048K, 100% used [0x00000000ec280000,0x00000000ec480000,0x00000000ec480000)
  to   space 1536K, 0% used [0x00000000ec080000,0x00000000ec080000,0x00000000ec200000)
 ParOldGen       total 68608K, used 21095K [0x00000000c0000000, 0x00000000c4300000, 0x00000000eab00000)
  object space 68608K, 30% used [0x00000000c0000000,0x00000000c1499f08,0x00000000c4300000)
 Metaspace       used 48769K, committed 49856K, reserved 1114112K
  class space    used 5194K, committed 5696K, reserved 1048576K
}
Event: 93.050 GC heap after
{Heap after GC invocations=21 (full 2):
 PSYoungGen      total 23552K, used 1293K [0x00000000eab00000, 0x00000000ec480000, 0x0000000100000000)
  eden space 22016K, 0% used [0x00000000eab00000,0x00000000eab00000,0x00000000ec080000)
  from space 1536K, 84% used [0x00000000ec080000,0x00000000ec1c3550,0x00000000ec200000)
  to   space 2048K, 0% used [0x00000000ec280000,0x00000000ec280000,0x00000000ec480000)
 ParOldGen       total 68608K, used 23031K [0x00000000c0000000, 0x00000000c4300000, 0x00000000eab00000)
  object space 68608K, 33% used [0x00000000c0000000,0x00000000c167df28,0x00000000c4300000)
 Metaspace       used 48769K, committed 49856K, reserved 1114112K
  class space    used 5194K, committed 5696K, reserved 1048576K
}

